<?xml version="1.0" encoding="UTF-8"?>
<!-- Generated by org.testng.reporters.JUnitReportReporter -->
<testsuite skipped="0" hostname="LAPTOP-AEP0P0EM" name="TOOC.RegisterUserLogin" tests="30" failures="0" timestamp="2020-07-02T15:43:50 IST" time="6841.531" errors="0">
  <testcase name="userLogin" time="218.355" classname="TOOC.RegisterUserLogin"/>
  <testcase name="userLogin" time="226.343" classname="TOOC.RegisterUserLogin"/>
  <testcase name="userLogin" time="222.841" classname="TOOC.RegisterUserLogin"/>
  <testcase name="userLogin" time="230.188" classname="TOOC.RegisterUserLogin"/>
  <testcase name="userLogin" time="217.301" classname="TOOC.RegisterUserLogin"/>
  <testcase name="userLogin" time="239.448" classname="TOOC.RegisterUserLogin"/>
  <testcase name="userLogin" time="217.920" classname="TOOC.RegisterUserLogin"/>
  <testcase name="userLogin" time="223.215" classname="TOOC.RegisterUserLogin"/>
  <testcase name="userLogin" time="227.886" classname="TOOC.RegisterUserLogin"/>
  <testcase name="userLogin" time="224.420" classname="TOOC.RegisterUserLogin"/>
  <testcase name="userLogin" time="223.648" classname="TOOC.RegisterUserLogin"/>
  <testcase name="userLogin" time="217.519" classname="TOOC.RegisterUserLogin"/>
  <testcase name="userLogin" time="220.607" classname="TOOC.RegisterUserLogin"/>
  <testcase name="userLogin" time="240.854" classname="TOOC.RegisterUserLogin"/>
  <testcase name="userLogin" time="220.493" classname="TOOC.RegisterUserLogin"/>
  <testcase name="userLogin" time="229.393" classname="TOOC.RegisterUserLogin"/>
  <testcase name="userLogin" time="225.107" classname="TOOC.RegisterUserLogin"/>
  <testcase name="userLogin" time="224.577" classname="TOOC.RegisterUserLogin"/>
  <testcase name="userLogin" time="225.405" classname="TOOC.RegisterUserLogin"/>
  <testcase name="userLogin" time="245.746" classname="TOOC.RegisterUserLogin"/>
  <testcase name="userLogin" time="240.363" classname="TOOC.RegisterUserLogin"/>
  <testcase name="userLogin" time="217.026" classname="TOOC.RegisterUserLogin"/>
  <testcase name="userLogin" time="229.337" classname="TOOC.RegisterUserLogin"/>
  <testcase name="userLogin" time="215.475" classname="TOOC.RegisterUserLogin"/>
  <testcase name="userLogin" time="251.439" classname="TOOC.RegisterUserLogin"/>
  <testcase name="userLogin" time="234.620" classname="TOOC.RegisterUserLogin"/>
  <testcase name="userLogin" time="242.608" classname="TOOC.RegisterUserLogin"/>
  <testcase name="userLogin" time="224.711" classname="TOOC.RegisterUserLogin"/>
  <testcase name="userLogin" time="246.722" classname="TOOC.RegisterUserLogin"/>
  <testcase name="userLogin" time="217.964" classname="TOOC.RegisterUserLogin"/>
</testsuite> <!-- TOOC.RegisterUserLogin -->
